#
# A fatal error has been detected by the Java Runtime Environment:
#
#  EXCEPTION_ACCESS_VIOLATION (0xc0000005) at pc=0x18913580, pid=5804, tid=4132
#
# JRE version: Java(TM) SE Runtime Environment (8.0_51-b16) (build 1.8.0_51-b16)
# Java VM: Java HotSpot(TM) Client VM (25.51-b03 mixed mode windows-x86 )
# Problematic frame:
# C  0x18913580
#
# Failed to write core dump. Minidumps are not enabled by default on client versions of Windows
#
# If you would like to submit a bug report, please visit:
#   http://bugreport.java.com/bugreport/crash.jsp
# The crash happened outside the Java Virtual Machine in native code.
# See problematic frame for where to report the bug.
#

---------------  T H R E A D  ---------------

Current thread (0x14e67400):  JavaThread "Finalizer" daemon [_thread_in_native, id=4132, stack(0x04920000,0x04970000)]

siginfo: ExceptionCode=0xc0000005, ExceptionInformation=0x00000008 0x18913580

Registers:
EAX=0x18913580, EBX=0x18d74890, ECX=0x14e67540, EDX=0x18d796e0
ESP=0x0496f2dc, EBP=0x0496f318, ESI=0x18d74890, EDI=0x14e67400
EIP=0x18913580, EFLAGS=0x00010283

Top of Stack: (sp=0x0496f2dc)
0x0496f2dc:   0292c0c3 14e67540 0496f320 197b7050
0x0496f2ec:   00000000 0496f390 0ab7daf0 0496f2f8
0x0496f2fc:   00000000 0496f32c 18d796e0 00000000
0x0496f30c:   18d74890 00000000 0496f328 0496f350
0x0496f31c:   029243b4 0aa7a4b8 02928a99 197b7050
0x0496f32c:   00000000 0496f330 18e78ac9 0496f35c
0x0496f33c:   18e8faa0 00000000 18e78ae8 0496f328
0x0496f34c:   0496f358 0496f388 029243b4 197b7050 

Instructions: (pc=0x18913580)
0x18913560:   
[error occurred during error reporting (printing registers, top of stack, instructions near pc), id 0xc0000005]

Register to memory mapping:

EAX=0x18913580 is an unknown value
EBX={method} {0x18d74894} 'free' '(J)V' in 'com/sun/jna/Native'
ECX=0x14e67540 is an unknown value
EDX=0x18d796e0 is pointing into metadata
ESP=0x0496f2dc is pointing into the stack for thread: 0x14e67400
EBP=0x0496f318 is pointing into the stack for thread: 0x14e67400
ESI={method} {0x18d74894} 'free' '(J)V' in 'com/sun/jna/Native'
EDI=0x14e67400 is a thread


Stack: [0x04920000,0x04970000],  sp=0x0496f2dc,  free space=316k
Native frames: (J=compiled Java code, j=interpreted, Vv=VM code, C=native code)
C  0x18913580
j  com.sun.jna.Memory.free(J)V+1
j  com.sun.jna.Memory.dispose()V+4
j  com.sun.jna.Memory.finalize()V+1
J 733 C1 java.lang.ref.Finalizer.runFinalizer(Lsun/misc/JavaLangAccess;)V (62 bytes) @ 0x02b0136c [0x02b011e0+0x18c]
J 732 C1 java.lang.ref.Finalizer.access$100(Ljava/lang/ref/Finalizer;Lsun/misc/JavaLangAccess;)V (6 bytes) @ 0x02b00fd4 [0x02b00fc0+0x14]
j  java.lang.ref.Finalizer$FinalizerThread.run()V+45
v  ~StubRoutines::call_stub
V  [jvm.dll+0x155dc5]
V  [jvm.dll+0x21b31e]
V  [jvm.dll+0x155e5e]
V  [jvm.dll+0x155fe6]
V  [jvm.dll+0x156057]
V  [jvm.dll+0xfb1df]
V  [jvm.dll+0x17924c]
V  [jvm.dll+0x17933a]
V  [jvm.dll+0x1bd7b6]
C  [msvcr100.dll+0x5c556]
C  [msvcr100.dll+0x5c600]
C  [KERNEL32.DLL+0x1919f]
C  [ntdll.dll+0x5b5af]
C  [ntdll.dll+0x5b57a]
C  0x00000000

Java frames: (J=compiled Java code, j=interpreted, Vv=VM code)
j  com.sun.jna.Native.free(J)V+0
j  com.sun.jna.Memory.free(J)V+1
j  com.sun.jna.Memory.dispose()V+4
j  com.sun.jna.Memory.finalize()V+1
J 733 C1 java.lang.ref.Finalizer.runFinalizer(Lsun/misc/JavaLangAccess;)V (62 bytes) @ 0x02b0136c [0x02b011e0+0x18c]
J 732 C1 java.lang.ref.Finalizer.access$100(Ljava/lang/ref/Finalizer;Lsun/misc/JavaLangAccess;)V (6 bytes) @ 0x02b00fd4 [0x02b00fc0+0x14]
j  java.lang.ref.Finalizer$FinalizerThread.run()V+45
v  ~StubRoutines::call_stub

---------------  P R O C E S S  ---------------

Java Threads: ( => current thread )
  0x15bd8000 JavaThread "pool-2-thread-1" [_thread_blocked, id=5524, stack(0x19aa0000,0x19af0000)]
  0x15bd6800 JavaThread "Thread-6" daemon [_thread_in_native, id=4460, stack(0x188c0000,0x18910000)]
  0x15bd6c00 JavaThread "JavaFX Application Thread" [_thread_in_native, id=2500, stack(0x18260000,0x182b0000)]
  0x15bbf000 JavaThread "Thread-4" daemon [_thread_blocked, id=4800, stack(0x181d0000,0x18220000)]
  0x15b32800 JavaThread "Abandoned connection cleanup thread" daemon [_thread_blocked, id=5392, stack(0x17db0000,0x17e00000)]
  0x15aef000 JavaThread "Thread-2" [_thread_blocked, id=6544, stack(0x17c20000,0x17c70000)]
  0x15b00800 JavaThread "Thread-1" [_thread_blocked, id=5160, stack(0x17b90000,0x17be0000)]
  0x1598b000 JavaThread "Image Fetcher 0" daemon [_thread_blocked, id=6580, stack(0x17b00000,0x17b50000)]
  0x0291bc00 JavaThread "DestroyJavaVM" [_thread_blocked, id=3204, stack(0x00d40000,0x00d90000)]
  0x1505c400 JavaThread "AWT-EventQueue-0" [_thread_blocked, id=7844, stack(0x15e60000,0x15eb0000)]
  0x15039400 JavaThread "AWT-Shutdown" [_thread_blocked, id=2756, stack(0x15740000,0x15790000)]
  0x15038c00 JavaThread "Java2D Disposer" daemon [_thread_blocked, id=3168, stack(0x156b0000,0x15700000)]
  0x14e8f000 JavaThread "Service Thread" daemon [_thread_blocked, id=8156, stack(0x151c0000,0x15210000)]
  0x14e99c00 JavaThread "C1 CompilerThread0" daemon [_thread_blocked, id=7508, stack(0x15130000,0x15180000)]
  0x14e98c00 JavaThread "Attach Listener" daemon [_thread_blocked, id=2548, stack(0x150a0000,0x150f0000)]
  0x14e96c00 JavaThread "Signal Dispatcher" daemon [_thread_blocked, id=8044, stack(0x049b0000,0x04a00000)]
=>0x14e67400 JavaThread "Finalizer" daemon [_thread_in_native, id=4132, stack(0x04920000,0x04970000)]
  0x14e61400 JavaThread "Reference Handler" daemon [_thread_blocked, id=8160, stack(0x02850000,0x028a0000)]

Other Threads:
  0x026dc000 VMThread [stack: 0x02800000,0x02850000] [id=8088]
  0x14e93800 WatcherThread [stack: 0x15250000,0x152a0000] [id=2144]

VM state:not at safepoint (normal execution)

VM Mutex/Monitor currently owned by a thread: None

Heap:
 def new generation   total 11200K, used 2046K [0x04a00000, 0x05620000, 0x09f50000)
  eden space 9984K,  20% used [0x04a00000, 0x04bffad0, 0x053c0000)
  from space 1216K,   0% used [0x053c0000, 0x053c0000, 0x054f0000)
  to   space 1216K,   0% used [0x054f0000, 0x054f0000, 0x05620000)
 tenured generation   total 24720K, used 14831K [0x09f50000, 0x0b774000, 0x14a00000)
   the space 24720K,  59% used [0x09f50000, 0x0adcbda8, 0x0adcbe00, 0x0b774000)
 Metaspace       used 12661K, capacity 12979K, committed 13056K, reserved 13696K

Card table byte_map: [0x02770000,0x02800000] byte_map_base: 0x0274b000

Polling page: 0x00bf0000

CodeCache: size=32768Kb used=2336Kb max_used=2336Kb free=30431Kb
 bounds [0x02920000, 0x02b70000, 0x04920000]
 total_blobs=1232 nmethods=890 adapters=273
 compilation: enabled

Compilation events (10 events):
Event: 3.082 Thread 0x14e99c00 nmethod 897 0x02b61548 code [0x02b61690, 0x02b61d64]
Event: 3.082 Thread 0x14e99c00  898             sun.util.calendar.BaseCalendar$Date::hit (24 bytes)
Event: 3.083 Thread 0x14e99c00 nmethod 898 0x02b62488 code [0x02b62580, 0x02b62640]
Event: 3.083 Thread 0x14e99c00  899             sun.util.calendar.BaseCalendar::getDayOfWeekFromFixedDate (26 bytes)
Event: 3.083 Thread 0x14e99c00 nmethod 899 0x02b62688 code [0x02b62780, 0x02b62930]
Event: 3.083 Thread 0x14e99c00  900             sun.util.calendar.CalendarDate::setDayOfWeek (6 bytes)
Event: 3.083 Thread 0x14e99c00 nmethod 900 0x02b62a48 code [0x02b62b40, 0x02b62bc0]
Event: 3.085 Thread 0x14e99c00  901             java.nio.ByteBuffer::array (35 bytes)
Event: 3.085 Thread 0x14e99c00 nmethod 901 0x02b62c08 code [0x02b62d20, 0x02b62e78]
Event: 3.130 Thread 0x14e99c00  902             java.net.URI$Parser::substring (10 bytes)

GC Heap History (10 events):
Event: 1.725 GC heap before
{Heap before GC invocations=10 (full 1):
 def new generation   total 8640K, used 8639K [0x04a00000, 0x05350000, 0x09f50000)
  eden space 7744K, 100% used [0x04a00000, 0x05190000, 0x05190000)
  from space 896K,  99% used [0x05270000, 0x0534fff8, 0x05350000)
  to   space 896K,   0% used [0x05190000, 0x05190000, 0x05270000)
 tenured generation   total 18988K, used 14198K [0x09f50000, 0x0b1db000, 0x14a00000)
   the space 18988K,  74% used [0x09f50000, 0x0ad2db38, 0x0ad2dc00, 0x0b1db000)
 Metaspace       used 12629K, capacity 12942K, committed 13056K, reserved 13696K
Event: 1.729 GC heap after
Heap after GC invocations=11 (full 1):
 def new generation   total 8640K, used 896K [0x04a00000, 0x05350000, 0x09f50000)
  eden space 7744K,   0% used [0x04a00000, 0x04a00000, 0x05190000)
  from space 896K, 100% used [0x05190000, 0x05270000, 0x05270000)
  to   space 896K,   0% used [0x05270000, 0x05270000, 0x05350000)
 tenured generation   total 18988K, used 15468K [0x09f50000, 0x0b1db000, 0x14a00000)
   the space 18988K,  81% used [0x09f50000, 0x0ae6b268, 0x0ae6b400, 0x0b1db000)
 Metaspace       used 12629K, capacity 12942K, committed 13056K, reserved 13696K
}
Event: 2.070 GC heap before
{Heap before GC invocations=11 (full 1):
 def new generation   total 8640K, used 8640K [0x04a00000, 0x05350000, 0x09f50000)
  eden space 7744K, 100% used [0x04a00000, 0x05190000, 0x05190000)
  from space 896K, 100% used [0x05190000, 0x05270000, 0x05270000)
  to   space 896K,   0% used [0x05270000, 0x05270000, 0x05350000)
 tenured generation   total 18988K, used 15468K [0x09f50000, 0x0b1db000, 0x14a00000)
   the space 18988K,  81% used [0x09f50000, 0x0ae6b268, 0x0ae6b400, 0x0b1db000)
 Metaspace       used 12629K, capacity 12942K, committed 13056K, reserved 13696K
Event: 2.073 GC heap after
Heap after GC invocations=12 (full 1):
 def new generation   total 8640K, used 896K [0x04a00000, 0x05350000, 0x09f50000)
  eden space 7744K,   0% used [0x04a00000, 0x04a00000, 0x05190000)
  from space 896K, 100% used [0x05270000, 0x05350000, 0x05350000)
  to   space 896K,   0% used [0x05190000, 0x05190000, 0x05270000)
 tenured generation   total 18988K, used 16532K [0x09f50000, 0x0b1db000, 0x14a00000)
   the space 18988K,  87% used [0x09f50000, 0x0af75200, 0x0af75200, 0x0b1db000)
 Metaspace       used 12629K, capacity 12942K, committed 13056K, reserved 13696K
}
Event: 2.418 GC heap before
{Heap before GC invocations=12 (full 1):
 def new generation   total 8640K, used 8640K [0x04a00000, 0x05350000, 0x09f50000)
  eden space 7744K, 100% used [0x04a00000, 0x05190000, 0x05190000)
  from space 896K, 100% used [0x05270000, 0x05350000, 0x05350000)
  to   space 896K,   0% used [0x05190000, 0x05190000, 0x05270000)
 tenured generation   total 18988K, used 16532K [0x09f50000, 0x0b1db000, 0x14a00000)
   the space 18988K,  87% used [0x09f50000, 0x0af75200, 0x0af75200, 0x0b1db000)
 Metaspace       used 12629K, capacity 12942K, committed 13056K, reserved 13696K
Event: 2.421 GC heap after
Heap after GC invocations=13 (full 1):
 def new generation   total 8640K, used 896K [0x04a00000, 0x05350000, 0x09f50000)
  eden space 7744K,   0% used [0x04a00000, 0x04a00000, 0x05190000)
  from space 896K, 100% used [0x05190000, 0x05270000, 0x05270000)
  to   space 896K,   0% used [0x05270000, 0x05270000, 0x05350000)
 tenured generation   total 18988K, used 17598K [0x09f50000, 0x0b1db000, 0x14a00000)
   the space 18988K,  92% used [0x09f50000, 0x0b07fa60, 0x0b07fc00, 0x0b1db000)
 Metaspace       used 12629K, capacity 12942K, committed 13056K, reserved 13696K
}
Event: 2.759 GC heap before
{Heap before GC invocations=13 (full 1):
 def new generation   total 8640K, used 8640K [0x04a00000, 0x05350000, 0x09f50000)
  eden space 7744K, 100% used [0x04a00000, 0x05190000, 0x05190000)
  from space 896K, 100% used [0x05190000, 0x05270000, 0x05270000)
  to   space 896K,   0% used [0x05270000, 0x05270000, 0x05350000)
 tenured generation   total 18988K, used 17598K [0x09f50000, 0x0b1db000, 0x14a00000)
   the space 18988K,  92% used [0x09f50000, 0x0b07fa60, 0x0b07fc00, 0x0b1db000)
 Metaspace       used 12629K, capacity 12942K, committed 13056K, reserved 13696K
Event: 2.762 GC heap after
Heap after GC invocations=14 (full 1):
 def new generation   total 8640K, used 896K [0x04a00000, 0x05350000, 0x09f50000)
  eden space 7744K,   0% used [0x04a00000, 0x04a00000, 0x05190000)
  from space 896K, 100% used [0x05270000, 0x05350000, 0x05350000)
  to   space 896K,   0% used [0x05190000, 0x05190000, 0x05270000)
 tenured generation   total 18988K, used 18707K [0x09f50000, 0x0b1db000, 0x14a00000)
   the space 18988K,  98% used [0x09f50000, 0x0b194fc8, 0x0b195000, 0x0b1db000)
 Metaspace       used 12629K, capacity 12942K, committed 13056K, reserved 13696K
}
Event: 3.103 GC heap before
{Heap before GC invocations=14 (full 1):
 def new generation   total 8640K, used 8640K [0x04a00000, 0x05350000, 0x09f50000)
  eden space 7744K, 100% used [0x04a00000, 0x05190000, 0x05190000)
  from space 896K, 100% used [0x05270000, 0x05350000, 0x05350000)
  to   space 896K,   0% used [0x05190000, 0x05190000, 0x05270000)
 tenured generation   total 18988K, used 18707K [0x09f50000, 0x0b1db000, 0x14a00000)
   the space 18988K,  98% used [0x09f50000, 0x0b194fc8, 0x0b195000, 0x0b1db000)
 Metaspace       used 12661K, capacity 12979K, committed 13056K, reserved 13696K
Event: 3.122 GC heap after
Heap after GC invocations=15 (full 2):
 def new generation   total 11200K, used 0K [0x04a00000, 0x05620000, 0x09f50000)
  eden space 9984K,   0% used [0x04a00000, 0x04a00000, 0x053c0000)
  from space 1216K,   0% used [0x053c0000, 0x053c0000, 0x054f0000)
  to   space 1216K,   0% used [0x054f0000, 0x054f0000, 0x05620000)
 tenured generation   total 24720K, used 14831K [0x09f50000, 0x0b774000, 0x14a00000)
   the space 24720K,  59% used [0x09f50000, 0x0adcbda8, 0x0adcbe00, 0x0b774000)
 Metaspace       used 12661K, capacity 12979K, committed 13056K, reserved 13696K
}

Deoptimization events (0 events):
No events

Internal exceptions (10 events):
Event: 0.227 Thread 0x0291bc00 Exception <a 'java/lang/ClassNotFoundException': Tree> (0x04d137d0) thrown at [C:\re\workspace\8-2-build-windows-i586-cygwin\jdk8u51\3951\hotspot\src\share\vm\classfile\systemDictionary.cpp, line 210]
Event: 0.227 Thread 0x0291bc00 Exception <a 'java/lang/ClassNotFoundException': javax/swing/JTreeCell> (0x04d13ab8) thrown at [C:\re\workspace\8-2-build-windows-i586-cygwin\jdk8u51\3951\hotspot\src\share\vm\classfile\systemDictionary.cpp, line 210]
Event: 0.227 Thread 0x0291bc00 Exception <a 'java/lang/ClassNotFoundException': TreeCell> (0x04d13eb0) thrown at [C:\re\workspace\8-2-build-windows-i586-cygwin\jdk8u51\3951\hotspot\src\share\vm\classfile\systemDictionary.cpp, line 210]
Event: 0.228 Thread 0x0291bc00 Exception <a 'java/lang/ClassNotFoundException': RootPane> (0x04d147d8) thrown at [C:\re\workspace\8-2-build-windows-i586-cygwin\jdk8u51\3951\hotspot\src\share\vm\classfile\systemDictionary.cpp, line 210]
Event: 0.544 Thread 0x1505c400 Exception <a 'java/lang/NullPointerException'> (0x04dc1700) thrown at [C:\re\workspace\8-2-build-windows-i586-cygwin\jdk8u51\3951\hotspot\src\share\vm\interpreter\linkResolver.cpp, line 1178]
Event: 0.582 Thread 0x15bd6c00 Exception <a 'java/lang/NullPointerException'> (0x04b34b38) thrown at [C:\re\workspace\8-2-build-windows-i586-cygwin\jdk8u51\3951\hotspot\src\share\vm\interpreter\linkResolver.cpp, line 1178]
Event: 0.582 Thread 0x15bd6c00 Exception <a 'java/lang/NullPointerException'> (0x04b34b38) thrown at [C:\re\workspace\8-2-build-windows-i586-cygwin\jdk8u51\3951\hotspot\src\share\vm\prims\jvm.cpp, line 1386]
Event: 0.664 Thread 0x15bd6c00 Exception <a 'java/lang/IllegalArgumentException'> (0x04b1f178) thrown at [C:\re\workspace\8-2-build-windows-i586-cygwin\jdk8u51\3951\hotspot\src\share\vm\prims\jvm.cpp, line 1386]
Event: 0.717 Thread 0x1505c400 Exception <a 'java/lang/UnsatisfiedLinkError': Não foi possível encontrar o procedimento especificado.
> (0x04d6f9f8) thrown at [C:\re\workspace\8-2-build-windows-i586-cygwin\jdk8u51\3951\hotspot\src\share\vm\prims\jni.cpp, line 735]
Event: 3.062 Thread 0x15bd4c00 Exception <a 'java/lang/IllegalStateException'> (0x050a9fb0) thrown at [C:\re\workspace\8-2-build-windows-i586-cygwin\jdk8u51\3951\hotspot\src\share\vm\prims\jvm.cpp, line 1386]

Events (10 events):
Event: 3.062 loading class java/util/WeakHashMap$KeyIterator
Event: 3.062 loading class java/util/WeakHashMap$KeyIterator done
Event: 3.062 Thread 0x15bd4c00 Thread exited: 0x15bd4c00
Event: 3.062 loading class java/util/Vector$Itr
Event: 3.062 loading class java/util/Vector$Itr done
Event: 3.067 Thread 0x15bd7800 Thread exited: 0x15bd7800
Event: 3.088 Thread 0x15c2d400 Thread exited: 0x15c2d400
Event: 3.095 Thread 0x1503a800 Thread exited: 0x1503a800
Event: 3.103 Executing VM operation: GenCollectForAllocation
Event: 3.122 Executing VM operation: GenCollectForAllocation done


Dynamic libraries:
0x00e80000 - 0x00eb3000 	C:\Program Files (x86)\Java\jdk1.8.0_51\jre\bin\java.exe
0x77a80000 - 0x77bee000 	C:\Windows\SYSTEM32\ntdll.dll
0x77250000 - 0x77390000 	C:\Windows\SYSTEM32\KERNEL32.DLL
0x75fb0000 - 0x76080000 	C:\Windows\SYSTEM32\KERNELBASE.dll
0x71d90000 - 0x71e29000 	C:\Windows\system32\apphelp.dll
0x71b30000 - 0x71d89000 	C:\Windows\AppPatch\AcGenral.DLL
0x774d0000 - 0x7758e000 	C:\Windows\SYSTEM32\msvcrt.dll
0x75cf0000 - 0x75d2e000 	C:\Windows\SYSTEM32\sechost.dll
0x75480000 - 0x7549d000 	C:\Windows\SYSTEM32\SspiCli.dll
0x75f60000 - 0x75fa1000 	C:\Windows\SYSTEM32\SHLWAPI.dll
0x71a50000 - 0x71b2b000 	C:\Windows\SYSTEM32\UxTheme.dll
0x77760000 - 0x778ac000 	C:\Windows\SYSTEM32\USER32.dll
0x77390000 - 0x77497000 	C:\Windows\SYSTEM32\GDI32.dll
0x73bd0000 - 0x73bf0000 	C:\Windows\SYSTEM32\WINMM.dll
0x71a30000 - 0x71a42000 	C:\Windows\SYSTEM32\samcli.dll
0x77620000 - 0x7772c000 	C:\Windows\SYSTEM32\ole32.dll
0x77910000 - 0x779a5000 	C:\Windows\SYSTEM32\OLEAUT32.dll
0x71a10000 - 0x71a25000 	C:\Windows\SYSTEM32\MSACM32.dll
0x75090000 - 0x75098000 	C:\Windows\SYSTEM32\VERSION.dll
0x76080000 - 0x77237000 	C:\Windows\SYSTEM32\SHELL32.dll
0x749c0000 - 0x749d9000 	C:\Windows\SYSTEM32\USERENV.dll
0x719f0000 - 0x71a08000 	C:\Windows\SYSTEM32\dwmapi.dll
0x718a0000 - 0x719ea000 	C:\Windows\SYSTEM32\urlmon.dll
0x75c70000 - 0x75ce8000 	C:\Windows\SYSTEM32\ADVAPI32.dll
0x71840000 - 0x7189e000 	C:\Windows\SYSTEM32\WINSPOOL.DRV
0x71820000 - 0x71834000 	C:\Windows\SYSTEM32\MPR.dll
0x75790000 - 0x75840000 	C:\Windows\SYSTEM32\RPCRT4.dll
0x75470000 - 0x75479000 	C:\Windows\SYSTEM32\CRYPTBASE.dll
0x75aa0000 - 0x75bee000 	C:\Windows\SYSTEM32\combase.dll
0x71800000 - 0x71820000 	C:\Windows\SYSTEM32\WINMMBASE.dll
0x74970000 - 0x7497e000 	C:\Windows\SYSTEM32\profapi.dll
0x749e0000 - 0x74c12000 	C:\Windows\SYSTEM32\iertutil.dll
0x74e00000 - 0x74fd5000 	C:\Windows\SYSTEM32\WININET.dll
0x75410000 - 0x75462000 	C:\Windows\SYSTEM32\bcryptPrimitives.dll
0x758b0000 - 0x758ea000 	C:\Windows\SYSTEM32\cfgmgr32.dll
0x717e0000 - 0x717ff000 	C:\Windows\SYSTEM32\DEVOBJ.dll
0x73120000 - 0x73196000 	C:\Windows\SYSTEM32\SHCORE.DLL
0x77730000 - 0x77755000 	C:\Windows\system32\IMM32.DLL
0x75690000 - 0x75787000 	C:\Windows\SYSTEM32\MSCTF.dll
0x6a9b0000 - 0x6ab96000 	C:\Windows\WinSxS\x86_microsoft.windows.common-controls_6595b64144ccf1df_6.0.9600.17031_none_a9efdb8b01377ea7\COMCTL32.dll
0x6abd0000 - 0x6ac8f000 	C:\Program Files (x86)\Java\jdk1.8.0_51\jre\bin\msvcr100.dll
0x6a5f0000 - 0x6a9b0000 	C:\Program Files (x86)\Java\jdk1.8.0_51\jre\bin\client\jvm.dll
0x750a0000 - 0x750a8000 	C:\Windows\SYSTEM32\WSOCK32.dll
0x75ec0000 - 0x75ec6000 	C:\Windows\SYSTEM32\PSAPI.DLL
0x75f10000 - 0x75f5d000 	C:\Windows\SYSTEM32\WS2_32.dll
0x754a0000 - 0x754a7000 	C:\Windows\SYSTEM32\NSI.dll
0x6b010000 - 0x6b01c000 	C:\Program Files (x86)\Java\jdk1.8.0_51\jre\bin\verify.dll
0x6aba0000 - 0x6abc1000 	C:\Program Files (x86)\Java\jdk1.8.0_51\jre\bin\java.dll
0x6a390000 - 0x6a3a3000 	C:\Program Files (x86)\Java\jdk1.8.0_51\jre\bin\zip.dll
0x69e80000 - 0x69fc5000 	C:\Program Files (x86)\Java\jdk1.8.0_51\jre\bin\awt.dll
0x73bb0000 - 0x73bb9000 	C:\Windows\SYSTEM32\kernel.appcore.dll
0x6a300000 - 0x6a339000 	C:\Program Files (x86)\Java\jdk1.8.0_51\jre\bin\fontmanager.dll
0x69fd0000 - 0x6a188000 	C:\Windows\system32\d3d9.dll
0x73eb0000 - 0x73eee000 	C:\Windows\SYSTEM32\POWRPROF.dll
0x55580000 - 0x555a5000 	C:\Program Files (x86)\Java\jdk1.8.0_51\jre\bin\prism_d3d.dll
0x55380000 - 0x553b5000 	C:\Program Files (x86)\Java\jdk1.8.0_51\jre\bin\glass.dll
0x754b0000 - 0x7553a000 	C:\Windows\SYSTEM32\COMDLG32.dll
0x6a370000 - 0x6a385000 	C:\Program Files (x86)\Java\jdk1.8.0_51\jre\bin\net.dll
0x70f50000 - 0x70f95000 	C:\Windows\system32\mswsock.dll
0x74c20000 - 0x74c9c000 	C:\Windows\SYSTEM32\DNSAPI.dll
0x70f20000 - 0x70f41000 	C:\Program Files (x86)\Bonjour\mdnsNSP.dll
0x74de0000 - 0x74dfe000 	C:\Windows\SYSTEM32\Iphlpapi.DLL
0x749b0000 - 0x749b8000 	C:\Windows\SYSTEM32\WINNSI.DLL
0x714f0000 - 0x714f7000 	C:\Windows\System32\rasadhlp.dll
0x6c1d0000 - 0x6c214000 	C:\Windows\System32\fwpuclnt.dll
0x55360000 - 0x55371000 	C:\Program Files (x86)\Java\jdk1.8.0_51\jre\bin\javafx_font.dll
0x74680000 - 0x74698000 	C:\Windows\SYSTEM32\CRYPTSP.dll
0x74650000 - 0x7467f000 	C:\Windows\system32\rsaenh.dll
0x74630000 - 0x7464d000 	C:\Windows\SYSTEM32\bcrypt.dll
0x5d800000 - 0x5d975000 	C:\Windows\SYSTEM32\dwrite.dll
0x71520000 - 0x71532000 	C:\Windows\SYSTEM32\dhcpcsvc6.DLL
0x71500000 - 0x71513000 	C:\Windows\SYSTEM32\dhcpcsvc.DLL
0x6a5a0000 - 0x6a5af000 	C:\Program Files (x86)\Java\jdk1.8.0_51\jre\bin\nio.dll
0x55330000 - 0x55359000 	C:\Program Files (x86)\VideoLAN\VLC\libvlc.dll
0x52780000 - 0x52a09000 	C:\Program Files (x86)\VideoLAN\VLC\libvlccore.dll
0x552a0000 - 0x5532d000 	C:\Program Files (x86)\VideoLAN\VLC\plugins\access\libdshow_plugin.dll
0x55280000 - 0x55291000 	C:\Program Files (x86)\VideoLAN\VLC\plugins\audio_output\libdirectsound_plugin.dll
0x55260000 - 0x55271000 	C:\Program Files (x86)\VideoLAN\VLC\plugins\audio_output\libwaveout_plugin.dll
0x68460000 - 0x68fde000 	C:\Program Files (x86)\VideoLAN\VLC\plugins\gui\libqt4_plugin.dll
0x77ec0000 - 0x77ffc000 	C:\Program Files (x86)\VideoLAN\VLC\plugins\misc\libxml_plugin.dll
0x544c0000 - 0x544dd000 	C:\Program Files (x86)\VideoLAN\VLC\plugins\video_output\libdirect3d_plugin.dll
0x53a00000 - 0x53a1a000 	C:\Program Files (x86)\VideoLAN\VLC\plugins\video_output\libdirectdraw_plugin.dll
0x69ab0000 - 0x69b29000 	C:\Windows\SYSTEM32\DSOUND.DLL
0x75bf0000 - 0x75c6d000 	C:\Windows\SYSTEM32\clbcatq.dll
0x697c0000 - 0x6980a000 	C:\Windows\System32\MMDevApi.dll
0x77ca0000 - 0x77eb7000 	C:\Program Files (x86)\VideoLAN\VLC\plugins\access\liblibbluray_plugin.dll
0x539d0000 - 0x539f2000 	C:\Program Files (x86)\VideoLAN\VLC\plugins\access\libaccess_bd_plugin.dll
0x536b0000 - 0x536f3000 	C:\Program Files (x86)\VideoLAN\VLC\plugins\access\libdvdnav_plugin.dll
0x539b0000 - 0x539cd000 	C:\Program Files (x86)\VideoLAN\VLC\plugins\access\libvdr_plugin.dll
0x52760000 - 0x52775000 	C:\Program Files (x86)\VideoLAN\VLC\plugins\access\libfilesystem_plugin.dll
0x52740000 - 0x52758000 	C:\Program Files (x86)\VideoLAN\VLC\plugins\stream_filter\libsmooth_plugin.dll
0x77c00000 - 0x77c99000 	C:\Program Files (x86)\VideoLAN\VLC\plugins\stream_filter\libhttplive_plugin.dll
0x706a0000 - 0x70763000 	C:\Program Files (x86)\VideoLAN\VLC\plugins\stream_filter\libdash_plugin.dll
0x52710000 - 0x52737000 	C:\Program Files (x86)\VideoLAN\VLC\plugins\access\libzip_plugin.dll
0x50060000 - 0x50074000 	C:\Program Files (x86)\VideoLAN\VLC\plugins\access\librar_plugin.dll
0x56b50000 - 0x56b5d000 	C:\Program Files (x86)\VideoLAN\VLC\plugins\stream_filter\librecord_plugin.dll
0x50010000 - 0x50052000 	C:\Program Files (x86)\VideoLAN\VLC\plugins\demux\libmp4_plugin.dll
0x6c370000 - 0x6c3b6000 	C:\Program Files (x86)\VideoLAN\VLC\plugins\codec\libjpeg_plugin.dll
0x55250000 - 0x5525e000 	C:\Program Files (x86)\VideoLAN\VLC\plugins\codec\libcdg_plugin.dll
0x67fe0000 - 0x68031000 	C:\Program Files (x86)\VideoLAN\VLC\plugins\codec\libpng_plugin.dll
0x1a8d0000 - 0x1aa13000 	C:\Program Files (x86)\VideoLAN\VLC\plugins\codec\libschroedinger_plugin.dll
0x6c7f0000 - 0x6c8af000 	C:\Program Files (x86)\VideoLAN\VLC\plugins\codec\libvorbis_plugin.dll
0x65720000 - 0x6577b000 	C:\Program Files (x86)\VideoLAN\VLC\plugins\codec\libtheora_plugin.dll
0x544b0000 - 0x544be000 	C:\Program Files (x86)\VideoLAN\VLC\plugins\codec\libdts_plugin.dll
0x6a2d0000 - 0x6a300000 	C:\Program Files (x86)\Java\jdk1.8.0_51\jre\bin\t2k.dll
0x539a0000 - 0x539b0000 	C:\Program Files (x86)\VideoLAN\VLC\plugins\codec\libaraw_plugin.dll
0x61730000 - 0x61744000 	C:\Program Files (x86)\VideoLAN\VLC\plugins\codec\libsubstx3g_plugin.dll
0x62710000 - 0x62786000 	C:\Program Files (x86)\VideoLAN\VLC\plugins\codec\libflac_plugin.dll
0x52700000 - 0x52710000 	C:\Program Files (x86)\VideoLAN\VLC\plugins\codec\libg711_plugin.dll
0x50000000 - 0x5000d000 	C:\Program Files (x86)\VideoLAN\VLC\plugins\codec\libaes3_plugin.dll
0x63140000 - 0x6316d000 	C:\Program Files (x86)\VideoLAN\VLC\plugins\codec\libspeex_plugin.dll
0x1aa20000 - 0x1aba2000 	C:\Program Files (x86)\VideoLAN\VLC\plugins\codec\liblibass_plugin.dll
0x6b0a0000 - 0x6b0fd000 	C:\Program Files (x86)\VideoLAN\VLC\plugins\codec\libfaad_plugin.dll
0x6cc10000 - 0x6cd95000 	C:\Program Files (x86)\VideoLAN\VLC\plugins\meta_engine\libtaglib_plugin.dll
0x65c00000 - 0x65c58000 	C:\Program Files (x86)\VideoLAN\VLC\plugins\lua\liblua_plugin.dll
0x1b4d0000 - 0x1b530000 	C:\Windows\SYSTEM32\AUDIOSES.DLL
0x77bf0000 - 0x77bfd000 	C:\Program Files (x86)\VideoLAN\VLC\plugins\audio_mixer\libfloat_mixer_plugin.dll
0x65840000 - 0x6584e000 	C:\Program Files (x86)\VideoLAN\VLC\plugins\audio_filter\libscaletempo_plugin.dll
0x1bc60000 - 0x1bdd7000 	C:\Program Files (x86)\VideoLAN\VLC\plugins\audio_filter\libsamplerate_plugin.dll
0x61ad0000 - 0x61af4000 	C:\Program Files (x86)\Java\jdk1.8.0_51\jre\bin\dcpr.dll
0x60e30000 - 0x60f78000 	C:\Windows\SYSTEM32\dbghelp.dll

VM Arguments:
jvm_args: -Dfile.encoding=UTF-8 
java_command: senha.view.TelaTvCaixa
java_class_path (initial): C:\Program Files (x86)\NetBeans 8.0.2\ide\modules\ext\mysql-connector-java-5.1.23-bin.jar;C:\Program Files (x86)\JMF2.1.1e\lib\customizer.jar;C:\Program Files (x86)\JMF2.1.1e\lib\jmf.jar;C:\Program Files (x86)\JMF2.1.1e\lib\mediaplayer.jar;C:\Program Files (x86)\JMF2.1.1e\lib\multiplayer.jar;C:\Program Files (x86)\JMF2.1.1e\lib\sound.jar;C:\Users\welti_000\Desktop\vlcj-2.4.1.jar\vlcj-2.4.1.jar;C:\Users\welti_000\Desktop\jna.jar;C:\Users\welti_000\Desktop\platform.jar;C:\Users\welti_000\Documents\NetBeansProjects\Senha\build\classes
Launcher Type: SUN_STANDARD

Environment Variables:
CLASSPATH=.;.;C:\PROGRA~2\JMF21~1.1E\lib\sound.jar;C:\PROGRA~2\JMF21~1.1E\lib\jmf.jar;C:\PROGRA~2\JMF21~1.1E\lib;
PATH=C:\Program Files (x86)\Common Files\Intel\Shared Files\cpp\bin\Intel64;C:\ProgramData\Oracle\Java\javapath;C:\Windows\system32;C:\Windows;C:\Windows\System32\Wbem;C:\Windows\System32\WindowsPowerShell\v1.0\;C:\Program Files (x86)\AMD\ATI.ACE\Core-Static;C:\Program Files (x86)\Skype\Phone\
USERNAME=welti_000
OS=Windows_NT
PROCESSOR_IDENTIFIER=Intel64 Family 6 Model 42 Stepping 7, GenuineIntel



---------------  S Y S T E M  ---------------

OS: Windows 8.1 , 64 bit Build 9600 (6.3.9600.17056)

CPU:total 8 (4 cores per cpu, 2 threads per core) family 6 model 42 stepping 7, cmov, cx8, fxsr, mmx, sse, sse2, sse3, ssse3, sse4.1, sse4.2, popcnt, avx, aes, clmul, ht, tsc, tscinvbit

Memory: 4k page, physical 8365476k(3711824k free), swap 8365476k(2805880k free)

vm_info: Java HotSpot(TM) Client VM (25.51-b03) for windows-x86 JRE (1.8.0_51-b16), built on Jun  8 2015 18:00:23 by "java_re" with MS VC++ 10.0 (VS2010)

time: Wed Jul 15 23:29:42 2015
elapsed time: 3 seconds (0d 0h 0m 3s)

